[2024-12-03T19:13:16.657+0000] {local_task_job_runner.py:120} INFO - ::group::Pre task execution logs
[2024-12-03T19:13:16.705+0000] {taskinstance.py:2076} INFO - Dependencies all met for dep_context=non-requeueable deps ti=<TaskInstance: BuildELT_dbt.dbt_run manual__2024-12-03T19:13:11.850315+00:00 [queued]>
[2024-12-03T19:13:16.722+0000] {taskinstance.py:2076} INFO - Dependencies all met for dep_context=requeueable deps ti=<TaskInstance: BuildELT_dbt.dbt_run manual__2024-12-03T19:13:11.850315+00:00 [queued]>
[2024-12-03T19:13:16.724+0000] {taskinstance.py:2306} INFO - Starting attempt 1 of 1
[2024-12-03T19:13:16.746+0000] {taskinstance.py:2330} INFO - Executing <Task(BashOperator): dbt_run> on 2024-12-03 19:13:11.850315+00:00
[2024-12-03T19:13:16.782+0000] {warnings.py:110} WARNING - /home/***/.local/lib/python3.12/site-packages/***/task/task_runner/standard_task_runner.py:61: DeprecationWarning: This process (pid=2841) is multi-threaded, use of fork() may lead to deadlocks in the child.
  pid = os.fork()

[2024-12-03T19:13:16.803+0000] {standard_task_runner.py:63} INFO - Started process 2843 to run task
[2024-12-03T19:13:16.786+0000] {standard_task_runner.py:90} INFO - Running: ['***', 'tasks', 'run', 'BuildELT_dbt', 'dbt_run', 'manual__2024-12-03T19:13:11.850315+00:00', '--job-id', '68', '--raw', '--subdir', 'DAGS_FOLDER/build_elt_with_dbt.py', '--cfg-path', '/tmp/tmp4pv55dsx']
[2024-12-03T19:13:16.806+0000] {standard_task_runner.py:91} INFO - Job 68: Subtask dbt_run
[2024-12-03T19:13:16.959+0000] {task_command.py:426} INFO - Running <TaskInstance: BuildELT_dbt.dbt_run manual__2024-12-03T19:13:11.850315+00:00 [running]> on host 2adeb2e19af7
[2024-12-03T19:13:17.095+0000] {taskinstance.py:2648} INFO - Exporting env vars: AIRFLOW_CTX_DAG_OWNER='***' AIRFLOW_CTX_DAG_ID='BuildELT_dbt' AIRFLOW_CTX_TASK_ID='dbt_run' AIRFLOW_CTX_EXECUTION_DATE='2024-12-03T19:13:11.850315+00:00' AIRFLOW_CTX_TRY_NUMBER='1' AIRFLOW_CTX_DAG_RUN_ID='manual__2024-12-03T19:13:11.850315+00:00'
[2024-12-03T19:13:17.103+0000] {taskinstance.py:430} INFO - ::endgroup::
[2024-12-03T19:13:17.106+0000] {subprocess.py:63} INFO - Tmp dir root location: /tmp
[2024-12-03T19:13:17.111+0000] {subprocess.py:75} INFO - Running command: ['/usr/bin/bash', '-c', '/home/***/.local/bin/dbt run --profiles-dir /opt/***/final_dbt --project-dir /opt/***/final_dbt']
[2024-12-03T19:13:17.146+0000] {subprocess.py:86} INFO - Output:
[2024-12-03T19:13:23.671+0000] {subprocess.py:93} INFO - [0m19:13:23  Running with dbt=1.8.7
[2024-12-03T19:13:26.705+0000] {subprocess.py:93} INFO - [0m19:13:26  Registered adapter: snowflake=1.8.4
[2024-12-03T19:13:28.945+0000] {subprocess.py:93} INFO - [0m19:13:28  Encountered an error:
[2024-12-03T19:13:28.990+0000] {subprocess.py:93} INFO - Compilation Error in snapshot job_listings_snapshot (snapshots/job_listings_snapshot.sql)
[2024-12-03T19:13:29.006+0000] {subprocess.py:93} INFO -   invalid syntax for function call expression
[2024-12-03T19:13:29.019+0000] {subprocess.py:93} INFO -     line 4
[2024-12-03T19:13:29.031+0000] {subprocess.py:93} INFO -       config(
[2024-12-03T19:13:31.359+0000] {subprocess.py:97} INFO - Command exited with return code 2
[2024-12-03T19:13:31.411+0000] {taskinstance.py:441} INFO - ::group::Post task execution logs
[2024-12-03T19:13:31.600+0000] {taskinstance.py:2905} ERROR - Task failed with exception
Traceback (most recent call last):
  File "/home/airflow/.local/lib/python3.12/site-packages/airflow/models/taskinstance.py", line 465, in _execute_task
    result = _execute_callable(context=context, **execute_callable_kwargs)
             ^^^^^^^^^^^^^^^^^^^^^^^^^^^^^^^^^^^^^^^^^^^^^^^^^^^^^^^^^^^^^
  File "/home/airflow/.local/lib/python3.12/site-packages/airflow/models/taskinstance.py", line 432, in _execute_callable
    return execute_callable(context=context, **execute_callable_kwargs)
           ^^^^^^^^^^^^^^^^^^^^^^^^^^^^^^^^^^^^^^^^^^^^^^^^^^^^^^^^^^^^
  File "/home/airflow/.local/lib/python3.12/site-packages/airflow/models/baseoperator.py", line 400, in wrapper
    return func(self, *args, **kwargs)
           ^^^^^^^^^^^^^^^^^^^^^^^^^^^
  File "/home/airflow/.local/lib/python3.12/site-packages/airflow/operators/bash.py", line 243, in execute
    raise AirflowException(
airflow.exceptions.AirflowException: Bash command failed. The command returned a non-zero exit code 2.
[2024-12-03T19:13:31.650+0000] {taskinstance.py:1206} INFO - Marking task as FAILED. dag_id=BuildELT_dbt, task_id=dbt_run, run_id=manual__2024-12-03T19:13:11.850315+00:00, execution_date=20241203T191311, start_date=20241203T191316, end_date=20241203T191331
[2024-12-03T19:13:31.756+0000] {standard_task_runner.py:110} ERROR - Failed to execute job 68 for task dbt_run (Bash command failed. The command returned a non-zero exit code 2.; 2843)
[2024-12-03T19:13:31.901+0000] {local_task_job_runner.py:240} INFO - Task exited with return code 1
[2024-12-03T19:13:32.025+0000] {taskinstance.py:3498} INFO - 0 downstream tasks scheduled from follow-on schedule check
[2024-12-03T19:13:32.045+0000] {local_task_job_runner.py:222} INFO - ::endgroup::
